# JRE version: OpenJDK Runtime Environment (11.0.2+9) (build 11.0.2+9)
# Java VM: OpenJDK 64-Bit Server VM (11.0.2+9, mixed mode, tiered, compressed oops, g1 gc, linux-amd64)
Heap:
 garbage-first heap   total 187392K, used 151905K [0x00000000c0000000, 0x0000000100000000)
  region size 1024K, 63 young (64512K), 2 survivors (2048K)
 Metaspace       used 128746K, capacity 139990K, committed 140248K, reserved 1171456K
  class space    used 14255K, capacity 18097K, committed 18176K, reserved 1048576K
GC Heap History (10 events):
Event: 1012.946 GC heap before
{Heap before GC invocations=146 (full 0):
 garbage-first heap   total 187392K, used 162044K [0x00000000c0000000, 0x0000000100000000)
  region size 1024K, 70 young (71680K), 1 survivors (1024K)
 Metaspace       used 128670K, capacity 139907K, committed 140248K, reserved 1171456K
  class space    used 14254K, capacity 18094K, committed 18176K, reserved 1048576K
}
Event: 1012.964 GC heap after
{Heap after GC invocations=147 (full 0):
 garbage-first heap   total 187392K, used 91908K [0x00000000c0000000, 0x0000000100000000)
  region size 1024K, 2 young (2048K), 2 survivors (2048K)
 Metaspace       used 128670K, capacity 139907K, committed 140248K, reserved 1171456K
  class space    used 14254K, capacity 18094K, committed 18176K, reserved 1048576K
}
Event: 1013.730 GC heap before
{Heap before GC invocations=147 (full 0):
 garbage-first heap   total 187392K, used 99076K [0x00000000c0000000, 0x0000000100000000)
  region size 1024K, 9 young (9216K), 2 survivors (2048K)
 Metaspace       used 128672K, capacity 139907K, committed 140248K, reserved 1171456K
  class space    used 14254K, capacity 18094K, committed 18176K, reserved 1048576K
}
Event: 1013.740 GC heap after
{Heap after GC invocations=148 (full 0):
 garbage-first heap   total 187392K, used 90405K [0x00000000c0000000, 0x0000000100000000)
  region size 1024K, 1 young (1024K), 1 survivors (1024K)
 Metaspace       used 128672K, capacity 139907K, committed 140248K, reserved 1171456K
  class space    used 14254K, capacity 18094K, committed 18176K, reserved 1048576K
}
Event: 1041.051 GC heap before
{Heap before GC invocations=148 (full 0):
 garbage-first heap   total 187392K, used 161061K [0x00000000c0000000, 0x0000000100000000)
  region size 1024K, 70 young (71680K), 1 survivors (1024K)
 Metaspace       used 128710K, capacity 139919K, committed 140248K, reserved 1171456K
  class space    used 14255K, capacity 18096K, committed 18176K, reserved 1048576K
}
Event: 1041.059 GC heap after
{Heap after GC invocations=149 (full 0):
 garbage-first heap   total 187392K, used 90798K [0x00000000c0000000, 0x0000000100000000)
  region size 1024K, 1 young (1024K), 1 survivors (1024K)
 Metaspace       used 128710K, capacity 139919K, committed 140248K, reserved 1171456K
  class space    used 14255K, capacity 18096K, committed 18176K, reserved 1048576K
}
Event: 1082.932 GC heap before
{Heap before GC invocations=150 (full 0):
 garbage-first heap   total 187392K, used 161454K [0x00000000c0000000, 0x0000000100000000)
  region size 1024K, 71 young (72704K), 1 survivors (1024K)
 Metaspace       used 128732K, capacity 139990K, committed 140248K, reserved 1171456K
  class space    used 14255K, capacity 18097K, committed 18176K, reserved 1048576K
}
Event: 1082.938 GC heap after
{Heap after GC invocations=151 (full 0):
 garbage-first heap   total 187392K, used 90875K [0x00000000c0000000, 0x0000000100000000)
  region size 1024K, 2 young (2048K), 2 survivors (2048K)
 Metaspace       used 128732K, capacity 139990K, committed 140248K, reserved 1171456K
  class space    used 14255K, capacity 18097K, committed 18176K, reserved 1048576K
}
Event: 1085.284 GC heap before
{Heap before GC invocations=151 (full 0):
 garbage-first heap   total 187392K, used 97019K [0x00000000c0000000, 0x0000000100000000)
  region size 1024K, 9 young (9216K), 2 survivors (2048K)
 Metaspace       used 128734K, capacity 139990K, committed 140248K, reserved 1171456K
  class space    used 14255K, capacity 18097K, committed 18176K, reserved 1048576K
}
Event: 1085.289 GC heap after
{Heap after GC invocations=152 (full 0):
 garbage-first heap   total 187392K, used 90465K [0x00000000c0000000, 0x0000000100000000)
  region size 1024K, 2 young (2048K), 2 survivors (2048K)
 Metaspace       used 128734K, capacity 139990K, committed 140248K, reserved 1171456K
  class space    used 14255K, capacity 18097K, committed 18176K, reserved 1048576K
}

