16:58:26 **** Incremental Build of configuration Emulation-SW for project exp1a_kernels ****
make -j40 all 
make: Nothing to be done for `all'.
16:58:26 **** Incremental Build of configuration Emulation-SW for project exp1b_kernels ****
make -j40 all 
make: Nothing to be done for `all'.
16:58:27 **** Incremental Build of configuration Emulation-SW for project exp2a_kernels ****
make -j40 all 
make: Nothing to be done for `all'.
16:58:27 **** Incremental Build of configuration Emulation-SW for project exp2b_kernels ****
make -j40 all 
/afs/ece.cmu.edu/class/ece643/software/xilinxVitis/Vitis/2021.1/bin/v++ --target sw_emu --compile -I"../src" --config krnl_exp2b-compile.cfg -o"build/krnl_exp2b.xo" "../src/krnl_exp2b.cpp"
Option Map File Used: '/afs/ece.cmu.edu/class/ece643/software/xilinxVitis/Vitis/2021.1/data/vitis/vpp/optMap.xml'

****** v++ v2021.1 (64-bit)
  **** SW Build 3246112 on 2021-06-09-14:19:56
    ** Copyright 1986-2020 Xilinx, Inc. All Rights Reserved.

INFO: [v++ 60-1306] Additional information associated with this v++ compile can be found at:
	Reports: /afs/andrew.cmu.edu/usr5/chiajenc/lab1/chiajenc_eglim_wkrska_lab1/exp2b_kernels/Emulation-SW/build/reports/krnl_exp2b
	Log files: /afs/andrew.cmu.edu/usr5/chiajenc/lab1/chiajenc_eglim_wkrska_lab1/exp2b_kernels/Emulation-SW/build/logs/krnl_exp2b
Running Dispatch Server on port: 38144
INFO: [v++ 60-1548] Creating build summary session with primary output /afs/andrew.cmu.edu/usr5/chiajenc/lab1/chiajenc_eglim_wkrska_lab1/exp2b_kernels/Emulation-SW/build/krnl_exp2b.xo.compile_summary, at Tue Sep 19 16:58:44 2023
INFO: [v++ 60-1316] Initiating connection to rulecheck server, at Tue Sep 19 16:58:44 2023
INFO: [v++ 60-895]   Target platform: /afs/ece.cmu.edu/class/ece643/software/xilinxVitis/platforms/2021.1/xilinx_zcu102_base_202110_1/xilinx_zcu102_base_202110_1.xpfm
INFO: [v++ 60-1578]   This platform contains Xilinx Shell Archive '/afs/ece.cmu.edu/class/ece643/software/xilinxVitis/platforms/2021.1/xilinx_zcu102_base_202110_1/hw/xilinx_zcu102_base_202110_1.xsa'
INFO: [v++ 60-585] Compiling for software emulation target
INFO: [v++ 60-423]   Target device: xilinx_zcu102_base_202110_1
INFO: [v++ 60-242] Creating kernel: 'krnl_exp2b'

===>The following messages were generated while  performing high-level synthesis for kernel: krnl_exp2b Log file: /afs/andrew.cmu.edu/usr5/chiajenc/lab1/chiajenc_eglim_wkrska_lab1/exp2b_kernels/Emulation-SW/build/krnl_exp2b/krnl_exp2b/vitis_hls.log :
ERROR: [v++ 207-3796] unknown type name 'size_t': /afs/andrew.cmu.edu/usr5/chiajenc/lab1/chiajenc_eglim_wkrska_lab1/exp2b_kernels/src/krnl_exp2b.cpp:23:10
ERROR: [v++ 207-3771] use of undeclared identifier 'c_num': /afs/andrew.cmu.edu/usr5/chiajenc/lab1/chiajenc_eglim_wkrska_lab1/exp2b_kernels/src/krnl_exp2b.cpp:32:32
ERROR: [v++ 207-1219] expected ';' at end of declaration: /afs/andrew.cmu.edu/usr5/chiajenc/lab1/chiajenc_eglim_wkrska_lab1/exp2b_kernels/src/krnl_exp2b.cpp:33:16
ERROR: [v++ 207-3771] use of undeclared identifier 'j': /afs/andrew.cmu.edu/usr5/chiajenc/lab1/chiajenc_eglim_wkrska_lab1/exp2b_kernels/src/krnl_exp2b.cpp:39:13
ERROR: [v++ 207-1237] extraneous closing brace ('}'): /afs/andrew.cmu.edu/usr5/chiajenc/lab1/chiajenc_eglim_wkrska_lab1/exp2b_kernels/src/krnl_exp2b.cpp:44:1
ERROR: [v++ 60-300] Failed to build kernel(ip) krnl_exp2b, see log for details: /afs/andrew.cmu.edu/usr5/chiajenc/lab1/chiajenc_eglim_wkrska_lab1/exp2b_kernels/Emulation-SW/build/krnl_exp2b/krnl_exp2b/vitis_hls.log
ERROR: [v++ 60-773] In '/afs/andrew.cmu.edu/usr5/chiajenc/lab1/chiajenc_eglim_wkrska_lab1/exp2b_kernels/Emulation-SW/build/krnl_exp2b/krnl_exp2b/vitis_hls.log', caught Tcl error: ERROR: [HLS 207-3796] unknown type name 'size_t': /afs/andrew.cmu.edu/usr5/chiajenc/lab1/chiajenc_eglim_wkrska_lab1/exp2b_kernels/src/krnl_exp2b.cpp:23:10
ERROR: [v++ 60-773] In '/afs/andrew.cmu.edu/usr5/chiajenc/lab1/chiajenc_eglim_wkrska_lab1/exp2b_kernels/Emulation-SW/build/krnl_exp2b/krnl_exp2b/vitis_hls.log', caught Tcl error: ERROR: [HLS 207-3771] use of undeclared identifier 'c_num': /afs/andrew.cmu.edu/usr5/chiajenc/lab1/chiajenc_eglim_wkrska_lab1/exp2b_kernels/src/krnl_exp2b.cpp:32:32
ERROR: [v++ 60-773] In '/afs/andrew.cmu.edu/usr5/chiajenc/lab1/chiajenc_eglim_wkrska_lab1/exp2b_kernels/Emulation-SW/build/krnl_exp2b/krnl_exp2b/vitis_hls.log', caught Tcl error: ERROR: [HLS 207-1219] expected ';' at end of declaration: /afs/andrew.cmu.edu/usr5/chiajenc/lab1/chiajenc_eglim_wkrska_lab1/exp2b_kernels/src/krnl_exp2b.cpp:33:16
ERROR: [v++ 60-773] In '/afs/andrew.cmu.edu/usr5/chiajenc/lab1/chiajenc_eglim_wkrska_lab1/exp2b_kernels/Emulation-SW/build/krnl_exp2b/krnl_exp2b/vitis_hls.log', caught Tcl error: ERROR: [HLS 207-3771] use of undeclared identifier 'j': /afs/andrew.cmu.edu/usr5/chiajenc/lab1/chiajenc_eglim_wkrska_lab1/exp2b_kernels/src/krnl_exp2b.cpp:39:13
ERROR: [v++ 60-773] In '/afs/andrew.cmu.edu/usr5/chiajenc/lab1/chiajenc_eglim_wkrska_lab1/exp2b_kernels/Emulation-SW/build/krnl_exp2b/krnl_exp2b/vitis_hls.log', caught Tcl error: ERROR: [HLS 207-1237] extraneous closing brace ('}'): /afs/andrew.cmu.edu/usr5/chiajenc/lab1/chiajenc_eglim_wkrska_lab1/exp2b_kernels/src/krnl_exp2b.cpp:44:1
ERROR: [v++ 60-599] Kernel compilation failed to complete
ERROR: [v++ 60-592] Failed to finish compilation
INFO: [v++ 60-1653] Closing dispatch client.
make: *** [build/krnl_exp2b.xo] Error 1
16:58:57 **** Incremental Build of configuration Emulation-SW for project exp3_kernels ****
make -j40 all 
/afs/ece.cmu.edu/class/ece643/software/xilinxVitis/Vitis/2021.1/bin/v++ --target sw_emu --compile -I"../src" --config krnl_exp3-compile.cfg -o"build/krnl_exp3.xo" "../src/krnl_exp3.cpp"
Option Map File Used: '/afs/ece.cmu.edu/class/ece643/software/xilinxVitis/Vitis/2021.1/data/vitis/vpp/optMap.xml'

****** v++ v2021.1 (64-bit)
  **** SW Build 3246112 on 2021-06-09-14:19:56
    ** Copyright 1986-2020 Xilinx, Inc. All Rights Reserved.

INFO: [v++ 60-1306] Additional information associated with this v++ compile can be found at:
	Reports: /afs/andrew.cmu.edu/usr5/chiajenc/lab1/chiajenc_eglim_wkrska_lab1/exp3_kernels/Emulation-SW/build/reports/krnl_exp3
	Log files: /afs/andrew.cmu.edu/usr5/chiajenc/lab1/chiajenc_eglim_wkrska_lab1/exp3_kernels/Emulation-SW/build/logs/krnl_exp3
Running Dispatch Server on port: 38350
INFO: [v++ 60-1548] Creating build summary session with primary output /afs/andrew.cmu.edu/usr5/chiajenc/lab1/chiajenc_eglim_wkrska_lab1/exp3_kernels/Emulation-SW/build/krnl_exp3.xo.compile_summary, at Tue Sep 19 16:59:13 2023
INFO: [v++ 60-1316] Initiating connection to rulecheck server, at Tue Sep 19 16:59:13 2023
INFO: [v++ 60-895]   Target platform: /afs/ece.cmu.edu/class/ece643/software/xilinxVitis/platforms/2021.1/xilinx_zcu102_base_202110_1/xilinx_zcu102_base_202110_1.xpfm
INFO: [v++ 60-1578]   This platform contains Xilinx Shell Archive '/afs/ece.cmu.edu/class/ece643/software/xilinxVitis/platforms/2021.1/xilinx_zcu102_base_202110_1/hw/xilinx_zcu102_base_202110_1.xsa'
INFO: [v++ 60-585] Compiling for software emulation target
INFO: [v++ 60-423]   Target device: xilinx_zcu102_base_202110_1
INFO: [v++ 60-242] Creating kernel: 'krnl_exp3'

===>The following messages were generated while  performing high-level synthesis for kernel: krnl_exp3 Log file: /afs/andrew.cmu.edu/usr5/chiajenc/lab1/chiajenc_eglim_wkrska_lab1/exp3_kernels/Emulation-SW/build/krnl_exp3/krnl_exp3/vitis_hls.log :
ERROR: [v++ 207-3771] use of undeclared identifier 'stride': /afs/andrew.cmu.edu/usr5/chiajenc/lab1/chiajenc_eglim_wkrska_lab1/exp3_kernels/src/krnl_exp3.cpp:65:29
ERROR: [v++ 207-3771] use of undeclared identifier 'READ256': /afs/andrew.cmu.edu/usr5/chiajenc/lab1/chiajenc_eglim_wkrska_lab1/exp3_kernels/src/krnl_exp3.cpp:67:17
ERROR: [v++ 207-3771] use of undeclared identifier 'READ256': /afs/andrew.cmu.edu/usr5/chiajenc/lab1/chiajenc_eglim_wkrska_lab1/exp3_kernels/src/krnl_exp3.cpp:67:45
ERROR: [v++ 207-3771] use of undeclared identifier 'READ256': /afs/andrew.cmu.edu/usr5/chiajenc/lab1/chiajenc_eglim_wkrska_lab1/exp3_kernels/src/krnl_exp3.cpp:67:73
ERROR: [v++ 207-3771] use of undeclared identifier 'READ256': /afs/andrew.cmu.edu/usr5/chiajenc/lab1/chiajenc_eglim_wkrska_lab1/exp3_kernels/src/krnl_exp3.cpp:67:101
ERROR: [v++ 207-3771] use of undeclared identifier 'READ256': /afs/andrew.cmu.edu/usr5/chiajenc/lab1/chiajenc_eglim_wkrska_lab1/exp3_kernels/src/krnl_exp3.cpp:67:129
ERROR: [v++ 207-3771] use of undeclared identifier 'READ256': /afs/andrew.cmu.edu/usr5/chiajenc/lab1/chiajenc_eglim_wkrska_lab1/exp3_kernels/src/krnl_exp3.cpp:67:157
ERROR: [v++ 207-3771] use of undeclared identifier 'READ256': /afs/andrew.cmu.edu/usr5/chiajenc/lab1/chiajenc_eglim_wkrska_lab1/exp3_kernels/src/krnl_exp3.cpp:67:185
ERROR: [v++ 207-3771] use of undeclared identifier 'READ256': /afs/andrew.cmu.edu/usr5/chiajenc/lab1/chiajenc_eglim_wkrska_lab1/exp3_kernels/src/krnl_exp3.cpp:67:213
ERROR: [v++ 207-3771] use of undeclared identifier 'READ256': /afs/andrew.cmu.edu/usr5/chiajenc/lab1/chiajenc_eglim_wkrska_lab1/exp3_kernels/src/krnl_exp3.cpp:67:241
ERROR: [v++ 207-3771] use of undeclared identifier 'READ256': /afs/andrew.cmu.edu/usr5/chiajenc/lab1/chiajenc_eglim_wkrska_lab1/exp3_kernels/src/krnl_exp3.cpp:67:269
ERROR: [v++ 207-3771] use of undeclared identifier 'READ256': /afs/andrew.cmu.edu/usr5/chiajenc/lab1/chiajenc_eglim_wkrska_lab1/exp3_kernels/src/krnl_exp3.cpp:67:297
ERROR: [v++ 207-3771] use of undeclared identifier 'READ256': /afs/andrew.cmu.edu/usr5/chiajenc/lab1/chiajenc_eglim_wkrska_lab1/exp3_kernels/src/krnl_exp3.cpp:67:325
ERROR: [v++ 207-3771] use of undeclared identifier 'READ256': /afs/andrew.cmu.edu/usr5/chiajenc/lab1/chiajenc_eglim_wkrska_lab1/exp3_kernels/src/krnl_exp3.cpp:67:353
ERROR: [v++ 207-3771] use of undeclared identifier 'READ256': /afs/andrew.cmu.edu/usr5/chiajenc/lab1/chiajenc_eglim_wkrska_lab1/exp3_kernels/src/krnl_exp3.cpp:67:381
ERROR: [v++ 207-3771] use of undeclared identifier 'READ256': /afs/andrew.cmu.edu/usr5/chiajenc/lab1/chiajenc_eglim_wkrska_lab1/exp3_kernels/src/krnl_exp3.cpp:67:409
ERROR: [v++ 207-3771] use of undeclared identifier 'READ256': /afs/andrew.cmu.edu/usr5/chiajenc/lab1/chiajenc_eglim_wkrska_lab1/exp3_kernels/src/krnl_exp3.cpp:67:437
ERROR: [v++ 60-300] Failed to build kernel(ip) krnl_exp3, see log for details: /afs/andrew.cmu.edu/usr5/chiajenc/lab1/chiajenc_eglim_wkrska_lab1/exp3_kernels/Emulation-SW/build/krnl_exp3/krnl_exp3/vitis_hls.log
ERROR: [v++ 60-773] In '/afs/andrew.cmu.edu/usr5/chiajenc/lab1/chiajenc_eglim_wkrska_lab1/exp3_kernels/Emulation-SW/build/krnl_exp3/krnl_exp3/vitis_hls.log', caught Tcl error: ERROR: [HLS 207-3771] use of undeclared identifier 'stride': /afs/andrew.cmu.edu/usr5/chiajenc/lab1/chiajenc_eglim_wkrska_lab1/exp3_kernels/src/krnl_exp3.cpp:65:29
ERROR: [v++ 60-773] In '/afs/andrew.cmu.edu/usr5/chiajenc/lab1/chiajenc_eglim_wkrska_lab1/exp3_kernels/Emulation-SW/build/krnl_exp3/krnl_exp3/vitis_hls.log', caught Tcl error: ERROR: [HLS 207-3771] use of undeclared identifier 'READ256': /afs/andrew.cmu.edu/usr5/chiajenc/lab1/chiajenc_eglim_wkrska_lab1/exp3_kernels/src/krnl_exp3.cpp:67:17
ERROR: [v++ 60-773] In '/afs/andrew.cmu.edu/usr5/chiajenc/lab1/chiajenc_eglim_wkrska_lab1/exp3_kernels/Emulation-SW/build/krnl_exp3/krnl_exp3/vitis_hls.log', caught Tcl error: ERROR: [HLS 207-3771] use of undeclared identifier 'READ256': /afs/andrew.cmu.edu/usr5/chiajenc/lab1/chiajenc_eglim_wkrska_lab1/exp3_kernels/src/krnl_exp3.cpp:67:45
ERROR: [v++ 60-773] In '/afs/andrew.cmu.edu/usr5/chiajenc/lab1/chiajenc_eglim_wkrska_lab1/exp3_kernels/Emulation-SW/build/krnl_exp3/krnl_exp3/vitis_hls.log', caught Tcl error: ERROR: [HLS 207-3771] use of undeclared identifier 'READ256': /afs/andrew.cmu.edu/usr5/chiajenc/lab1/chiajenc_eglim_wkrska_lab1/exp3_kernels/src/krnl_exp3.cpp:67:73
ERROR: [v++ 60-773] In '/afs/andrew.cmu.edu/usr5/chiajenc/lab1/chiajenc_eglim_wkrska_lab1/exp3_kernels/Emulation-SW/build/krnl_exp3/krnl_exp3/vitis_hls.log', caught Tcl error: ERROR: [HLS 207-3771] use of undeclared identifier 'READ256': /afs/andrew.cmu.edu/usr5/chiajenc/lab1/chiajenc_eglim_wkrska_lab1/exp3_kernels/src/krnl_exp3.cpp:67:101
ERROR: [v++ 60-773] In '/afs/andrew.cmu.edu/usr5/chiajenc/lab1/chiajenc_eglim_wkrska_lab1/exp3_kernels/Emulation-SW/build/krnl_exp3/krnl_exp3/vitis_hls.log', caught Tcl error: ERROR: [HLS 207-3771] use of undeclared identifier 'READ256': /afs/andrew.cmu.edu/usr5/chiajenc/lab1/chiajenc_eglim_wkrska_lab1/exp3_kernels/src/krnl_exp3.cpp:67:129
ERROR: [v++ 60-773] In '/afs/andrew.cmu.edu/usr5/chiajenc/lab1/chiajenc_eglim_wkrska_lab1/exp3_kernels/Emulation-SW/build/krnl_exp3/krnl_exp3/vitis_hls.log', caught Tcl error: ERROR: [HLS 207-3771] use of undeclared identifier 'READ256': /afs/andrew.cmu.edu/usr5/chiajenc/lab1/chiajenc_eglim_wkrska_lab1/exp3_kernels/src/krnl_exp3.cpp:67:157
ERROR: [v++ 60-773] In '/afs/andrew.cmu.edu/usr5/chiajenc/lab1/chiajenc_eglim_wkrska_lab1/exp3_kernels/Emulation-SW/build/krnl_exp3/krnl_exp3/vitis_hls.log', caught Tcl error: ERROR: [HLS 207-3771] use of undeclared identifier 'READ256': /afs/andrew.cmu.edu/usr5/chiajenc/lab1/chiajenc_eglim_wkrska_lab1/exp3_kernels/src/krnl_exp3.cpp:67:185
ERROR: [v++ 60-773] In '/afs/andrew.cmu.edu/usr5/chiajenc/lab1/chiajenc_eglim_wkrska_lab1/exp3_kernels/Emulation-SW/build/krnl_exp3/krnl_exp3/vitis_hls.log', caught Tcl error: ERROR: [HLS 207-3771] use of undeclared identifier 'READ256': /afs/andrew.cmu.edu/usr5/chiajenc/lab1/chiajenc_eglim_wkrska_lab1/exp3_kernels/src/krnl_exp3.cpp:67:213
ERROR: [v++ 60-773] In '/afs/andrew.cmu.edu/usr5/chiajenc/lab1/chiajenc_eglim_wkrska_lab1/exp3_kernels/Emulation-SW/build/krnl_exp3/krnl_exp3/vitis_hls.log', caught Tcl error: ERROR: [HLS 207-3771] use of undeclared identifier 'READ256': /afs/andrew.cmu.edu/usr5/chiajenc/lab1/chiajenc_eglim_wkrska_lab1/exp3_kernels/src/krnl_exp3.cpp:67:241
ERROR: [v++ 60-773] In '/afs/andrew.cmu.edu/usr5/chiajenc/lab1/chiajenc_eglim_wkrska_lab1/exp3_kernels/Emulation-SW/build/krnl_exp3/krnl_exp3/vitis_hls.log', caught Tcl error: ERROR: [HLS 207-3771] use of undeclared identifier 'READ256': /afs/andrew.cmu.edu/usr5/chiajenc/lab1/chiajenc_eglim_wkrska_lab1/exp3_kernels/src/krnl_exp3.cpp:67:269
ERROR: [v++ 60-773] In '/afs/andrew.cmu.edu/usr5/chiajenc/lab1/chiajenc_eglim_wkrska_lab1/exp3_kernels/Emulation-SW/build/krnl_exp3/krnl_exp3/vitis_hls.log', caught Tcl error: ERROR: [HLS 207-3771] use of undeclared identifier 'READ256': /afs/andrew.cmu.edu/usr5/chiajenc/lab1/chiajenc_eglim_wkrska_lab1/exp3_kernels/src/krnl_exp3.cpp:67:297
ERROR: [v++ 60-773] In '/afs/andrew.cmu.edu/usr5/chiajenc/lab1/chiajenc_eglim_wkrska_lab1/exp3_kernels/Emulation-SW/build/krnl_exp3/krnl_exp3/vitis_hls.log', caught Tcl error: ERROR: [HLS 207-3771] use of undeclared identifier 'READ256': /afs/andrew.cmu.edu/usr5/chiajenc/lab1/chiajenc_eglim_wkrska_lab1/exp3_kernels/src/krnl_exp3.cpp:67:325
ERROR: [v++ 60-773] In '/afs/andrew.cmu.edu/usr5/chiajenc/lab1/chiajenc_eglim_wkrska_lab1/exp3_kernels/Emulation-SW/build/krnl_exp3/krnl_exp3/vitis_hls.log', caught Tcl error: ERROR: [HLS 207-3771] use of undeclared identifier 'READ256': /afs/andrew.cmu.edu/usr5/chiajenc/lab1/chiajenc_eglim_wkrska_lab1/exp3_kernels/src/krnl_exp3.cpp:67:353
ERROR: [v++ 60-773] In '/afs/andrew.cmu.edu/usr5/chiajenc/lab1/chiajenc_eglim_wkrska_lab1/exp3_kernels/Emulation-SW/build/krnl_exp3/krnl_exp3/vitis_hls.log', caught Tcl error: ERROR: [HLS 207-3771] use of undeclared identifier 'READ256': /afs/andrew.cmu.edu/usr5/chiajenc/lab1/chiajenc_eglim_wkrska_lab1/exp3_kernels/src/krnl_exp3.cpp:67:381
ERROR: [v++ 60-773] In '/afs/andrew.cmu.edu/usr5/chiajenc/lab1/chiajenc_eglim_wkrska_lab1/exp3_kernels/Emulation-SW/build/krnl_exp3/krnl_exp3/vitis_hls.log', caught Tcl error: ERROR: [HLS 207-3771] use of undeclared identifier 'READ256': /afs/andrew.cmu.edu/usr5/chiajenc/lab1/chiajenc_eglim_wkrska_lab1/exp3_kernels/src/krnl_exp3.cpp:67:409
ERROR: [v++ 60-773] In '/afs/andrew.cmu.edu/usr5/chiajenc/lab1/chiajenc_eglim_wkrska_lab1/exp3_kernels/Emulation-SW/build/krnl_exp3/krnl_exp3/vitis_hls.log', caught Tcl error: ERROR: [HLS 207-3771] use of undeclared identifier 'READ256': /afs/andrew.cmu.edu/usr5/chiajenc/lab1/chiajenc_eglim_wkrska_lab1/exp3_kernels/src/krnl_exp3.cpp:67:437
ERROR: [v++ 60-599] Kernel compilation failed to complete
ERROR: [v++ 60-592] Failed to finish compilation
INFO: [v++ 60-1653] Closing dispatch client.
make: *** [build/krnl_exp3.xo] Error 1
16:59:26 **** Incremental Build of configuration Emulation-SW for project mmm_kernels ****
make -j40 all 
make: Nothing to be done for `all'.
16:59:28 **** Incremental Build of configuration Emulation-SW for project mmm_vadd_dfx ****
make -j40 all 
aarch64-linux-gnu-g++  -O2 -pipe -g -feliminate-unused-debug-types  -std=c++1y -DVITIS_PLATFORM=xilinx_zcu102_base_202110_1 -D__USE_XOPEN2K8 -I/afs/ece.cmu.edu/class/ece643/software/xilinxVitis/Vivado/2021.1/include/ -I/afs/ece.cmu.edu/class/ece643/software/xilinxVitis/platforms/2021.1/cmu_u96v2_dfx_full/sw/cmu_u96v2_dfx_full/linux_domain/sysroot/cortexa72-cortexa53-xilinx-linux/usr/include/xrt/ -O0 -g -Wall -c -fmessage-length=0 --sysroot=/afs/ece.cmu.edu/class/ece643/software/xilinxVitis/platforms/2021.1/cmu_u96v2_dfx_full/sw/cmu_u96v2_dfx_full/linux_domain/sysroot/cortexa72-cortexa53-xilinx-linux -o "src/exp1_helper.o" "../src/exp1_helper.cpp"
aarch64-linux-gnu-g++  -O2 -pipe -g -feliminate-unused-debug-types  -std=c++1y -DVITIS_PLATFORM=xilinx_zcu102_base_202110_1 -D__USE_XOPEN2K8 -I/afs/ece.cmu.edu/class/ece643/software/xilinxVitis/Vivado/2021.1/include/ -I/afs/ece.cmu.edu/class/ece643/software/xilinxVitis/platforms/2021.1/cmu_u96v2_dfx_full/sw/cmu_u96v2_dfx_full/linux_domain/sysroot/cortexa72-cortexa53-xilinx-linux/usr/include/xrt/ -O0 -g -Wall -c -fmessage-length=0 --sysroot=/afs/ece.cmu.edu/class/ece643/software/xilinxVitis/platforms/2021.1/cmu_u96v2_dfx_full/sw/cmu_u96v2_dfx_full/linux_domain/sysroot/cortexa72-cortexa53-xilinx-linux -o "src/exp2_helper.o" "../src/exp2_helper.cpp"
aarch64-linux-gnu-g++  -O2 -pipe -g -feliminate-unused-debug-types  -std=c++1y -DVITIS_PLATFORM=xilinx_zcu102_base_202110_1 -D__USE_XOPEN2K8 -I/afs/ece.cmu.edu/class/ece643/software/xilinxVitis/Vivado/2021.1/include/ -I/afs/ece.cmu.edu/class/ece643/software/xilinxVitis/platforms/2021.1/cmu_u96v2_dfx_full/sw/cmu_u96v2_dfx_full/linux_domain/sysroot/cortexa72-cortexa53-xilinx-linux/usr/include/xrt/ -O0 -g -Wall -c -fmessage-length=0 --sysroot=/afs/ece.cmu.edu/class/ece643/software/xilinxVitis/platforms/2021.1/cmu_u96v2_dfx_full/sw/cmu_u96v2_dfx_full/linux_domain/sysroot/cortexa72-cortexa53-xilinx-linux -o "src/exp3_helper.o" "../src/exp3_helper.cpp"
In file included from ../src/exp3_helper.h:3,
                 from ../src/exp3_helper.cpp:3:
../src/exp3_helper.cpp: In function 'void exp_allocate_mem(cl_object&, krnl_object&, float**, int)':
../src/exp3_helper.cpp:17:68: error: 'buffer_a' was not declared in this scope; did you mean 'buffer_in'?
   17 |     OCL_CHECK(err, (*ptr_in) = (float*)cl_obj.q.enqueueMapBuffer (*buffer_a , CL_TRUE , CL_MAP_WRITE , 0, size_in_bytes, NULL, NULL, &err));
      |                                                                    ^~~~~~~~
../src/utils.h:54:5: note: in definition of macro 'OCL_CHECK'
   54 |     call;                                                                                        \
      |     ^~~~
../src/exp3_helper.cpp:14:17: warning: unused variable 'buffer_in' [-Wunused-variable]
   14 |     cl::Buffer *buffer_in = &krnl_obj.buffers[0];
      |                 ^~~~~~~~~
../src/exp3_helper.cpp: In function 'void exp_run_kernel(cl_object&, krnl_object&)':
../src/exp3_helper.cpp:68:19: error: 'end_time_full' was not declared in this scope; did you mean 'end_time'?
   68 |     gettimeofday(&end_time_full, NULL);
      |                   ^~~~~~~~~~~~~
      |                   end_time
../src/exp3_helper.cpp:77:44: error: 'timeusec_full' was not declared in this scope; did you mean 'timeusec'?
   77 |     std::cout << "End-to-end runtime: " << timeusec_full << std::endl;
      |                                            ^~~~~~~~~~~~~
      |                                            timeusec
../src/exp3_helper.cpp:78:44: error: 'timeusec_compute' was not declared in this scope
   78 |     std::cout << "Arithmetic runtime: " << timeusec_compute << std::endl;
      |                                            ^~~~~~~~~~~~~~~~
../src/exp3_helper.cpp:74:12: warning: unused variable 'timeusec' [-Wunused-variable]
   74 |     double timeusec = (end_time.tv_sec - start_time.tv_sec) * 1e6 +
      |            ^~~~~~~~
make: *** [src/exp3_helper.o] Error 1
make: *** Waiting for unfinished jobs....
16:59:33 **** Incremental Build of configuration Emulation-SW for project vadd_kernels ****
make -j40 all 
make: Nothing to be done for `all'.
